Arguments: 
  /opt/local/bin/node /opt/local/bin/yarnpkg install --offline

PATH: 
  /opt/local/bin:/opt/local/sbin:/Library/Frameworks/Python.framework/Versions/3.10/bin:/usr/local/bin:/usr/bin:/bin:/usr/sbin:/sbin:/usr/local/share/dotnet:~/.dotnet/tools:/Library/Apple/usr/bin:/Library/Frameworks/Mono.framework/Versions/Current/Commands:/Applications/Postgres.app/Contents/Versions/latest/bin:/Users/splax/Library/Android/sdk/emulator:/Users/splax/Library/Android/sdk/platform-tools:/Users/splax/Library/Android/sdk/tools:/Users/splax/Library/Android/sdk/tools/bin

Yarn version: 
  1.22.19

Node version: 
  16.14.2

Platform: 
  darwin x64

Trace: 
  Invariant Violation: There should only be one folder in a package cache (got  in /Users/splax/Library/Caches/Yarn/v6/npm-react-native-reanimated-2.8.0-93c06ca84d91fb3865110b0857c49a24e316130e-integrity/node_modules)
      at invariant (/opt/local/lib/node_modules/yarn/lib/cli.js:2318:15)
      at /opt/local/lib/node_modules/yarn/lib/cli.js:59832:7
      at Generator.next (<anonymous>)
      at step (/opt/local/lib/node_modules/yarn/lib/cli.js:310:30)
      at /opt/local/lib/node_modules/yarn/lib/cli.js:321:13

npm manifest: 
  {
    "name": "tendex-project",
    "version": "1.0.0",
    "main": "node_modules/expo/AppEntry.js",
    "scripts": {
      "start": "expo start",
      "android": "expo start --android",
      "ios": "expo start --ios",
      "web": "expo start --web",
      "test": "jest --watchAll"
    },
    "jest": {
      "preset": "jest-expo"
    },
    "dependencies": {
      "@expo/vector-icons": "^13.0.0",
      "@react-navigation/bottom-tabs": "^6.0.5",
      "@react-navigation/native": "^6.0.2",
      "@react-navigation/native-stack": "^6.1.0",
      "expo": "~46.0.8",
      "expo-asset": "~8.6.1",
      "expo-constants": "~13.2.3",
      "expo-font": "~10.2.0",
      "expo-linking": "~3.2.2",
      "expo-splash-screen": "~0.16.1",
      "expo-status-bar": "~1.4.0",
      "expo-system-ui": "~1.3.0",
      "expo-web-browser": "~11.0.0",
      "react": "18.0.0",
      "react-dom": "18.0.0",
      "react-native": "0.69.4",
      "react-native-safe-area-context": "4.3.1",
      "react-native-screens": "~3.15.0",
      "react-native-web": "~0.18.7"
    },
    "devDependencies": {
      "@babel/core": "^7.12.9",
      "@types/react": "~18.0.14",
      "@types/react-native": "~0.69.1",
      "jest": "^26.6.3",
      "jest-expo": "~44.0.1",
      "react-test-renderer": "18.0.0",
      "typescript": "~4.3.5"
    },
    "private": true
  }

yarn manifest: 
  No manifest

Lockfile: 
  No lockfile
